<?xml version="1.0" encoding="UTF-8"?>
<testsuite name="com.example.SeProject.mapper.CourseSearchMapperTest" tests="1" skipped="0" failures="0" errors="0" timestamp="2024-12-07T13:08:32" hostname="DESKTOP-0SIVPM6" time="1.395">
  <properties/>
  <testcase name="testSearchCourseList()" classname="com.example.SeProject.mapper.CourseSearchMapperTest" time="1.395"/>
  <system-out><![CDATA[22:08:31.088 [Test worker] INFO org.springframework.test.context.support.AnnotationConfigContextLoaderUtils -- Could not detect default configuration classes for test class [com.example.SeProject.mapper.CourseSearchMapperTest]: CourseSearchMapperTest does not declare any static, non-private, non-final, nested classes annotated with @Configuration.
22:08:31.200 [Test worker] INFO org.springframework.boot.test.context.SpringBootTestContextBootstrapper -- Found @SpringBootConfiguration com.example.SeProject.SeProjectApplication for test class com.example.SeProject.mapper.CourseSearchMapperTest

  .   ____          _            __ _ _
 /\\ / ___'_ __ _ _(_)_ __  __ _ \ \ \ \
( ( )\___ | '_ | '_| | '_ \/ _` | \ \ \ \
 \\/  ___)| |_)| | | | | || (_| |  ) ) ) )
  '  |____| .__|_| |_|_| |_\__, | / / / /
 =========|_|==============|___/=/_/_/_/

 :: Spring Boot ::                (v3.4.0)

2024-12-07T22:08:31.531+09:00  INFO 22396 --- [SeProject] [    Test worker] c.e.S.mapper.CourseSearchMapperTest      : Starting CourseSearchMapperTest using Java 17.0.2 with PID 22396 (started by minseo in C:\Users\minseo\IdeaProjects\SeProject-backend)
2024-12-07T22:08:31.532+09:00  INFO 22396 --- [SeProject] [    Test worker] c.e.S.mapper.CourseSearchMapperTest      : No active profile set, falling back to 1 default profile: "default"
2024-12-07T22:08:32.877+09:00  INFO 22396 --- [SeProject] [    Test worker] c.e.S.mapper.CourseSearchMapperTest      : Started CourseSearchMapperTest in 1.552 seconds (process running for 2.542)
2024-12-07T22:08:33.512+09:00  INFO 22396 --- [SeProject] [    Test worker] com.zaxxer.hikari.HikariDataSource       : HikariPool-1 - Starting...
2024-12-07T22:08:33.984+09:00  INFO 22396 --- [SeProject] [    Test worker] com.zaxxer.hikari.pool.HikariPool        : HikariPool-1 - Added connection oracle.jdbc.driver.T4CConnection@7dd7ec56
2024-12-07T22:08:33.985+09:00  INFO 22396 --- [SeProject] [    Test worker] com.zaxxer.hikari.HikariDataSource       : HikariPool-1 - Start completed.
Course Code: 000001
Course Name: C언어및실습
Professor Name: 김성환
Course Start Time: 13:00
Course End Time: 17:00
Course Day: 화
Total Capacity: 30
====================================
Course Code: 000002
Course Name: C언어및실습
Professor Name: 남현우
Course Start Time: 13:00
Course End Time: 17:00
Course Day: 화
Total Capacity: 35
====================================
Course Code: 000003
Course Name: C언어및실습
Professor Name: 남현우
Course Start Time: 13:00
Course End Time: 17:00
Course Day: 금
Total Capacity: 35
====================================
Course Code: 000004
Course Name: 소프트웨어공학
Professor Name: 김지은
Course Start Time: 10:00
Course End Time: 13:00
Course Day: 화
Total Capacity: 70
====================================
Course Code: 000005
Course Name: 자료구조
Professor Name: 송영록
Course Start Time: 16:00
Course End Time: 18:00
Course Day: 월
Total Capacity: 35
====================================
Course Code: 000005
Course Name: 자료구조
Professor Name: 송영록
Course Start Time: 16:00
Course End Time: 17:00
Course Day: 목
Total Capacity: 35
====================================
Course Code: 000006
Course Name: 자료구조
Professor Name: 송영록
Course Start Time: 14:00
Course End Time: 16:00
Course Day: 월
Total Capacity: 35
====================================
Course Code: 000006
Course Name: 자료구조
Professor Name: 송영록
Course Start Time: 15:00
Course End Time: 16:00
Course Day: 목
Total Capacity: 35
====================================
Course Code: 000007
Course Name: 창의공학기초설계
Professor Name: 노창배
Course Start Time: 18:00
Course End Time: 22:00
Course Day: 화
Total Capacity: 40
====================================
Course Code: 000008
Course Name: 창의공학기초설계
Professor Name: 노창배
Course Start Time: 18:00
Course End Time: 22:00
Course Day: 금
Total Capacity: 40
====================================
Course Code: 000009
Course Name: 컴퓨터과학종합설계
Professor Name: 김진석
Course Start Time: 14:00
Course End Time: 18:00
Course Day: 수
Total Capacity: 15
====================================
Course Code: 000010
Course Name: 컴퓨터과학종합설계
Professor Name: 최혁
Course Start Time: 14:00
Course End Time: 18:00
Course Day: 수
Total Capacity: 16
====================================
Course Code: 000011
Course Name: 스마트금융개론
Professor Name: 김성환
Course Start Time: 14:00
Course End Time: 17:00
Course Day: 목
Total Capacity: 30
====================================
Course Code: 000012
Course Name: 프로그래밍언어론
Professor Name: 김지은
Course Start Time: 11:00
Course End Time: 14:00
Course Day: 수
Total Capacity: 50
====================================
Course Code: 000013
Course Name: 인터넷프로그래밍및실습
Professor Name: 추칠엽
Course Start Time: 14:00
Course End Time: 16:00
Course Day: 수
Total Capacity: 40
====================================
Course Code: 000013
Course Name: 인터넷프로그래밍및실습
Professor Name: 추칠엽
Course Start Time: 16:00
Course End Time: 18:00
Course Day: 수
Total Capacity: 40
====================================
Course Code: 000014
Course Name: 데이터통신
Professor Name: 안상현
Course Start Time: 11:00
Course End Time: 13:00
Course Day: 화
Total Capacity: 35
====================================
Course Code: 000014
Course Name: 데이터통신
Professor Name: 안상현
Course Start Time: 11:00
Course End Time: 12:00
Course Day: 목
Total Capacity: 35
====================================
Course Code: 000015
Course Name: 데이터통신
Professor Name: 안상현
Course Start Time: 15:00
Course End Time: 17:00
Course Day: 화
Total Capacity: 35
====================================
Course Code: 000015
Course Name: 데이터통신
Professor Name: 안상현
Course Start Time: 12:00
Course End Time: 13:00
Course Day: 목
Total Capacity: 35
====================================
Course Code: 000016
Course Name: 데이터베이스
Professor Name: 홍의경
Course Start Time: 13:00
Course End Time: 16:00
Course Day: 화
Total Capacity: 50
====================================
Course Code: 000017
Course Name: 인공지능
Professor Name: 이경재
Course Start Time: 14:00
Course End Time: 17:00
Course Day: 월
Total Capacity: 60
====================================
Course Code: 000018
Course Name: 소프트웨어응용
Professor Name: 황혜수
Course Start Time: 10:00
Course End Time: 13:00
Course Day: 월
Total Capacity: 50
====================================
Course Code: 000019
Course Name: 컴퓨터그래픽스
Professor Name: 김민호
Course Start Time: 13:00
Course End Time: 16:00
Course Day: 월
Total Capacity: 40
====================================
Course Code: 000020
Course Name: 임베디드시스템설계
Professor Name: 이동희
Course Start Time: 14:00
Course End Time: 17:00
Course Day: 목
Total Capacity: 46
====================================
Course Code: 000021
Course Name: 네트워크보안
Professor Name: 안상현
Course Start Time: 16:00
Course End Time: 18:00
Course Day: 월
Total Capacity: 40
====================================
Course Code: 000021
Course Name: 네트워크보안
Professor Name: 안상현
Course Start Time: 10:00
Course End Time: 11:00
Course Day: 목
Total Capacity: 40
====================================
Course Code: 000022
Course Name: 마이크로프로세서설계및실습
Professor Name: 최혁
Course Start Time: 09:00
Course End Time: 13:00
Course Day: 수
Total Capacity: 50
====================================
Course Code: 000023
Course Name: 유닉스프로그래밍
Professor Name: 이동희
Course Start Time: 10:00
Course End Time: 13:00
Course Day: 월
Total Capacity: 46
====================================
Course Code: 000024
Course Name: 수치해석
Professor Name: 김민호
Course Start Time: 14:00
Course End Time: 17:00
Course Day: 금
Total Capacity: 70
====================================
Course Code: 000025
Course Name: 데이터베이스설계
Professor Name: 홍의경
Course Start Time: 13:00
Course End Time: 16:00
Course Day: 화
Total Capacity: 21
====================================
Course Code: 000026
Course Name: 선형대수
Professor Name: 김민호
Course Start Time: 17:00
Course End Time: 18:00
Course Day: 화
Total Capacity: 70
====================================
Course Code: 000026
Course Name: 선형대수
Professor Name: 김민호
Course Start Time: 12:00
Course End Time: 14:00
Course Day: 금
Total Capacity: 70
====================================
Course Code: 000027
Course Name: 컴퓨터통신
Professor Name: 안상현
Course Start Time: 11:00
Course End Time: 13:00
Course Day: 화
Total Capacity: 35
====================================
Course Code: 000027
Course Name: 컴퓨터통신
Professor Name: 안상현
Course Start Time: 11:00
Course End Time: 12:00
Course Day: 금
Total Capacity: 35
====================================
Course Code: 000028
Course Name: 이산수학
Professor Name: 정형구
Course Start Time: 13:00
Course End Time: 16:00
Course Day: 화
Total Capacity: 40
====================================
]]></system-out>
  <system-err><![CDATA[]]></system-err>
</testsuite>
